<?xml version="1.0" encoding="UTF-8"?>
<testng-results ignored="0" total="2" passed="2" failed="0" skipped="0">
  <reporter-output>
  </reporter-output>
  <suite started-at="2022-04-07T14:34:37 PDT" name="Default suite" finished-at="2022-04-07T14:34:37 PDT" duration-ms="86">
    <groups>
    </groups>
    <test started-at="2022-04-07T14:34:37 PDT" name="Default test" finished-at="2022-04-07T14:34:37 PDT" duration-ms="86">
      <class name="Selenium.Introduction.Testng_Day1">
        <test-method signature="Demo1()[pri:0, instance:Selenium.Introduction.Testng_Day1@36c88a32]" started-at="2022-04-07T14:34:37 PDT" name="Demo1" finished-at="2022-04-07T14:34:37 PDT" duration-ms="17" status="PASS">
          <reporter-output>
          </reporter-output>
        </test-method> <!-- Demo1 -->
        <test-method signature="Demo2()[pri:0, instance:Selenium.Introduction.Testng_Day1@36c88a32]" started-at="2022-04-07T14:34:37 PDT" name="Demo2" finished-at="2022-04-07T14:34:37 PDT" duration-ms="6" status="PASS">
          <reporter-output>
          </reporter-output>
        </test-method> <!-- Demo2 -->
      </class> <!-- Selenium.Introduction.Testng_Day1 -->
    </test> <!-- Default test -->
  </suite> <!-- Default suite -->
</testng-results>
